  List.cpp
d:\c练习\list的模拟实现\list的模拟实现\list.h(96): error C2678: 二进制“!=”: 没有找到接受“CR::ListNode<T>”类型的左操作数的运算符(或没有可接受的转换)
          with
          [
              T=int
          ]
  c:\program files (x86)\microsoft visual studio\2017\community\vc\tools\msvc\14.16.27023\include\system_error(306): note: 可能是“bool std::operator !=(const std::error_condition &,const std::error_condition &) noexcept”
  c:\program files (x86)\microsoft visual studio\2017\community\vc\tools\msvc\14.16.27023\include\system_error(301): note: 或    “bool std::operator !=(const std::error_condition &,const std::error_code &) noexcept”
  c:\program files (x86)\microsoft visual studio\2017\community\vc\tools\msvc\14.16.27023\include\system_error(296): note: 或    “bool std::operator !=(const std::error_code &,const std::error_condition &) noexcept”
  c:\program files (x86)\microsoft visual studio\2017\community\vc\tools\msvc\14.16.27023\include\system_error(291): note: 或    “bool std::operator !=(const std::error_code &,const std::error_code &) noexcept”
  c:\program files (x86)\microsoft visual studio\2017\community\vc\tools\msvc\14.16.27023\include\exception(346): note: 或    “bool std::operator !=(const std::exception_ptr &,std::nullptr_t) noexcept”
  c:\program files (x86)\microsoft visual studio\2017\community\vc\tools\msvc\14.16.27023\include\exception(341): note: 或    “bool std::operator !=(std::nullptr_t,const std::exception_ptr &) noexcept”
  c:\program files (x86)\microsoft visual studio\2017\community\vc\tools\msvc\14.16.27023\include\exception(336): note: 或    “bool std::operator !=(const std::exception_ptr &,const std::exception_ptr &) noexcept”
  d:\c练习\list的模拟实现\list的模拟实现\list.h(96): note: 尝试匹配参数列表“(CR::ListNode<T>, CR::ListNode<T>)”时
          with
          [
              T=int
          ]
d:\c练习\list的模拟实现\list的模拟实现\list.h(98): error C2100: 非法的间接寻址
d:\c练习\list的模拟实现\list的模拟实现\list.h(98): error C2088: “<<”: 对于 class 非法
d:\c练习\list的模拟实现\list的模拟实现\list.h(99): error C2675: 一元“++”:“CR::ListNode<T>”不定义该运算符或到预定义运算符可接收类型的转换
          with
          [
              T=int
          ]
